<html>
<head>
<title>TestNG:  test1</title>
<link href="../testng.css" rel="stylesheet" type="text/css" />
<link href="../my-testng.css" rel="stylesheet" type="text/css" />

<style type="text/css">
.log { display: none;} 
.stack-trace { display: none;} 
</style>
<script type="text/javascript">
<!--
function flip(e) {
  current = e.style.display;
  if (current == 'block') {
    e.style.display = 'none';
    return 0;
  }
  else {
    e.style.display = 'block';
    return 1;
  }
}

function toggleBox(szDivId, elem, msg1, msg2)
{
  var res = -1;  if (document.getElementById) {
    res = flip(document.getElementById(szDivId));
  }
  else if (document.all) {
    // this is the way old msie versions work
    res = flip(document.all[szDivId]);
  }
  if(elem) {
    if(res == 0) elem.innerHTML = msg1; else elem.innerHTML = msg2;
  }

}

function toggleAllBoxes() {
  if (document.getElementsByTagName) {
    d = document.getElementsByTagName('div');
    for (i = 0; i < d.length; i++) {
      if (d[i].className == 'log') {
        flip(d[i]);
      }
    }
  }
}

// -->
</script>

</head>
<body>
<h2 align='center'>test1</h2><table border='1' align="center">
<tr>
<td>Tests passed/Failed/Skipped:</td><td>6/4/0</td>
</tr><tr>
<td>Started on:</td><td>Wed Sep 26 11:43:39 GMT+08:00 2018</td>
</tr>
<tr><td>Total time:</td><td>43 seconds (43625 ms)</td>
</tr><tr>
<td>Included groups:</td><td></td>
</tr><tr>
<td>Excluded groups:</td><td></td>
</tr>
</table><p/>
<small><i>(Hover the method name to see the test class name)</i></small><p/>
<table width='100%' border='1' class='invocation-failed'>
<tr><td colspan='4' align='center'><b>FAILED TESTS</b></td></tr>
<tr><td><b>Test method</b></td>
<td width="30%"><b>Exception</b></td>
<td width="10%"><b>Time (seconds)</b></td>
<td><b>Instance</b></td>
</tr>
<tr>
<td title='NewTest.f()'><b>f</b><br>Test class: NewTest<br>Test method: 爱学堂登录测试<br>Parameters: http://www.aixuetang.com/ywxtStudent/tologin, 15964636199, 2222, 密码不能为空<br/>
<a href="#Output-333793193" onClick='toggleBox("Output-333793193", this, "Show output", "Hide output");'>Show output</a>

<a href="#Output-333793193" onClick="toggleAllBoxes();">Show all outputs</a>
<div class='log' id="Output-333793193">
开始登录测试<br/>
打开url：http://www.aixuetang.com/ywxtStudent/tologin<br/>
开始断言<br/>
</div>
</td>
<td><div><pre>java.lang.AssertionError: expected [密码不能为空] but found []
	at NewTest.f(NewTest.java:47)
... Removed 31 stack frames</pre></div><a href='#' onClick='toggleBox("stack-trace333793193", this, "Click to show all stack frames", "Click to hide stack frames")'>Click to show all stack frames</a>
<div class='stack-trace' id='stack-trace333793193'><pre>java.lang.AssertionError: expected [密码不能为空] but found []
	at org.testng.Assert.fail(Assert.java:96)
	at org.testng.Assert.failNotEquals(Assert.java:776)
	at org.testng.Assert.assertEqualsImpl(Assert.java:137)
	at org.testng.Assert.assertEquals(Assert.java:118)
	at org.testng.Assert.assertEquals(Assert.java:453)
	at org.testng.Assert.assertEquals(Assert.java:463)
	at NewTest.f(NewTest.java:47)
	at sun.reflect.NativeMethodAccessorImpl.invoke0(Native Method)
	at sun.reflect.NativeMethodAccessorImpl.invoke(NativeMethodAccessorImpl.java:62)
	at sun.reflect.DelegatingMethodAccessorImpl.invoke(DelegatingMethodAccessorImpl.java:43)
	at java.lang.reflect.Method.invoke(Method.java:498)
	at org.testng.internal.MethodInvocationHelper.invokeMethod(MethodInvocationHelper.java:124)
	at org.testng.internal.Invoker.invokeMethod(Invoker.java:580)
	at org.testng.internal.Invoker.invokeTestMethod(Invoker.java:716)
	at org.testng.internal.Invoker.invokeTestMethods(Invoker.java:988)
	at org.testng.internal.TestMethodWorker.invokeTestMethods(TestMethodWorker.java:125)
	at org.testng.internal.TestMethodWorker.run(TestMethodWorker.java:109)
	at org.testng.TestRunner.privateRun(TestRunner.java:648)
	at org.testng.TestRunner.run(TestRunner.java:505)
	at org.testng.SuiteRunner.runTest(SuiteRunner.java:455)
	at org.testng.SuiteRunner.runSequentially(SuiteRunner.java:450)
	at org.testng.SuiteRunner.privateRun(SuiteRunner.java:415)
	at org.testng.SuiteRunner.run(SuiteRunner.java:364)
	at org.testng.SuiteRunnerWorker.runSuite(SuiteRunnerWorker.java:52)
	at org.testng.SuiteRunnerWorker.run(SuiteRunnerWorker.java:84)
	at org.testng.TestNG.runSuitesSequentially(TestNG.java:1208)
	at org.testng.TestNG.runSuitesLocally(TestNG.java:1137)
	at org.testng.TestNG.runSuites(TestNG.java:1049)
	at org.testng.TestNG.run(TestNG.java:1017)
	at org.testng.remote.AbstractRemoteTestNG.run(AbstractRemoteTestNG.java:114)
	at org.testng.remote.RemoteTestNG.initAndRun(RemoteTestNG.java:251)
	at org.testng.remote.RemoteTestNG.main(RemoteTestNG.java:77)
</pre></div></td>
<td>10</td>
<td>NewTest@289d1c02</td></tr>
<tr>
<td title='NewTest.f()'><b>f</b><br>Test class: NewTest<br>Test method: 爱学堂登录测试<br>Parameters: http://www.aixuetang.com/ywxtStudent/tologin, 15964636199, 22111, 密码不能为空<br/>
<a href="#Output-1957078537" onClick='toggleBox("Output-1957078537", this, "Show output", "Hide output");'>Show output</a>

<a href="#Output-1957078537" onClick="toggleAllBoxes();">Show all outputs</a>
<div class='log' id="Output-1957078537">
开始登录测试<br/>
打开url：http://www.aixuetang.com/ywxtStudent/tologin<br/>
开始断言<br/>
</div>
</td>
<td><div><pre>java.lang.AssertionError: expected [密码不能为空] but found []
	at NewTest.f(NewTest.java:47)
... Removed 31 stack frames</pre></div><a href='#' onClick='toggleBox("stack-trace1957078537", this, "Click to show all stack frames", "Click to hide stack frames")'>Click to show all stack frames</a>
<div class='stack-trace' id='stack-trace1957078537'><pre>java.lang.AssertionError: expected [密码不能为空] but found []
	at org.testng.Assert.fail(Assert.java:96)
	at org.testng.Assert.failNotEquals(Assert.java:776)
	at org.testng.Assert.assertEqualsImpl(Assert.java:137)
	at org.testng.Assert.assertEquals(Assert.java:118)
	at org.testng.Assert.assertEquals(Assert.java:453)
	at org.testng.Assert.assertEquals(Assert.java:463)
	at NewTest.f(NewTest.java:47)
	at sun.reflect.NativeMethodAccessorImpl.invoke0(Native Method)
	at sun.reflect.NativeMethodAccessorImpl.invoke(NativeMethodAccessorImpl.java:62)
	at sun.reflect.DelegatingMethodAccessorImpl.invoke(DelegatingMethodAccessorImpl.java:43)
	at java.lang.reflect.Method.invoke(Method.java:498)
	at org.testng.internal.MethodInvocationHelper.invokeMethod(MethodInvocationHelper.java:124)
	at org.testng.internal.Invoker.invokeMethod(Invoker.java:580)
	at org.testng.internal.Invoker.invokeTestMethod(Invoker.java:716)
	at org.testng.internal.Invoker.invokeTestMethods(Invoker.java:988)
	at org.testng.internal.TestMethodWorker.invokeTestMethods(TestMethodWorker.java:125)
	at org.testng.internal.TestMethodWorker.run(TestMethodWorker.java:109)
	at org.testng.TestRunner.privateRun(TestRunner.java:648)
	at org.testng.TestRunner.run(TestRunner.java:505)
	at org.testng.SuiteRunner.runTest(SuiteRunner.java:455)
	at org.testng.SuiteRunner.runSequentially(SuiteRunner.java:450)
	at org.testng.SuiteRunner.privateRun(SuiteRunner.java:415)
	at org.testng.SuiteRunner.run(SuiteRunner.java:364)
	at org.testng.SuiteRunnerWorker.runSuite(SuiteRunnerWorker.java:52)
	at org.testng.SuiteRunnerWorker.run(SuiteRunnerWorker.java:84)
	at org.testng.TestNG.runSuitesSequentially(TestNG.java:1208)
	at org.testng.TestNG.runSuitesLocally(TestNG.java:1137)
	at org.testng.TestNG.runSuites(TestNG.java:1049)
	at org.testng.TestNG.run(TestNG.java:1017)
	at org.testng.remote.AbstractRemoteTestNG.run(AbstractRemoteTestNG.java:114)
	at org.testng.remote.RemoteTestNG.initAndRun(RemoteTestNG.java:251)
	at org.testng.remote.RemoteTestNG.main(RemoteTestNG.java:77)
</pre></div></td>
<td>1</td>
<td>NewTest@289d1c02</td></tr>
<tr>
<td title='NewTest.f()'><b>f</b><br>Test class: NewTest<br>Test method: 爱学堂登录测试<br>Parameters: http://www.aixuetang.com/ywxtStudent/tologin, 15964636199, 2222, 密码不能为空<br/>
<a href="#Output-352776719" onClick='toggleBox("Output-352776719", this, "Show output", "Hide output");'>Show output</a>

<a href="#Output-352776719" onClick="toggleAllBoxes();">Show all outputs</a>
<div class='log' id="Output-352776719">
开始登录测试<br/>
打开url：http://www.aixuetang.com/ywxtStudent/tologin<br/>
开始断言<br/>
</div>
</td>
<td><div><pre>java.lang.AssertionError: expected [密码不能为空] but found []
	at NewTest.f(NewTest.java:47)
... Removed 31 stack frames</pre></div><a href='#' onClick='toggleBox("stack-trace352776719", this, "Click to show all stack frames", "Click to hide stack frames")'>Click to show all stack frames</a>
<div class='stack-trace' id='stack-trace352776719'><pre>java.lang.AssertionError: expected [密码不能为空] but found []
	at org.testng.Assert.fail(Assert.java:96)
	at org.testng.Assert.failNotEquals(Assert.java:776)
	at org.testng.Assert.assertEqualsImpl(Assert.java:137)
	at org.testng.Assert.assertEquals(Assert.java:118)
	at org.testng.Assert.assertEquals(Assert.java:453)
	at org.testng.Assert.assertEquals(Assert.java:463)
	at NewTest.f(NewTest.java:47)
	at sun.reflect.NativeMethodAccessorImpl.invoke0(Native Method)
	at sun.reflect.NativeMethodAccessorImpl.invoke(NativeMethodAccessorImpl.java:62)
	at sun.reflect.DelegatingMethodAccessorImpl.invoke(DelegatingMethodAccessorImpl.java:43)
	at java.lang.reflect.Method.invoke(Method.java:498)
	at org.testng.internal.MethodInvocationHelper.invokeMethod(MethodInvocationHelper.java:124)
	at org.testng.internal.Invoker.invokeMethod(Invoker.java:580)
	at org.testng.internal.Invoker.invokeTestMethod(Invoker.java:716)
	at org.testng.internal.Invoker.invokeTestMethods(Invoker.java:988)
	at org.testng.internal.TestMethodWorker.invokeTestMethods(TestMethodWorker.java:125)
	at org.testng.internal.TestMethodWorker.run(TestMethodWorker.java:109)
	at org.testng.TestRunner.privateRun(TestRunner.java:648)
	at org.testng.TestRunner.run(TestRunner.java:505)
	at org.testng.SuiteRunner.runTest(SuiteRunner.java:455)
	at org.testng.SuiteRunner.runSequentially(SuiteRunner.java:450)
	at org.testng.SuiteRunner.privateRun(SuiteRunner.java:415)
	at org.testng.SuiteRunner.run(SuiteRunner.java:364)
	at org.testng.SuiteRunnerWorker.runSuite(SuiteRunnerWorker.java:52)
	at org.testng.SuiteRunnerWorker.run(SuiteRunnerWorker.java:84)
	at org.testng.TestNG.runSuitesSequentially(TestNG.java:1208)
	at org.testng.TestNG.runSuitesLocally(TestNG.java:1137)
	at org.testng.TestNG.runSuites(TestNG.java:1049)
	at org.testng.TestNG.run(TestNG.java:1017)
	at org.testng.remote.AbstractRemoteTestNG.run(AbstractRemoteTestNG.java:114)
	at org.testng.remote.RemoteTestNG.initAndRun(RemoteTestNG.java:251)
	at org.testng.remote.RemoteTestNG.main(RemoteTestNG.java:77)
</pre></div></td>
<td>0</td>
<td>NewTest@289d1c02</td></tr>
<tr>
<td title='NewTest.f()'><b>f</b><br>Test class: NewTest<br>Test method: 爱学堂登录测试<br>Parameters: http://www.aixuetang.com/ywxtStudent/tologin, 15964636199, 222, 密码不能为空<br/>
<a href="#Output-955324150" onClick='toggleBox("Output-955324150", this, "Show output", "Hide output");'>Show output</a>

<a href="#Output-955324150" onClick="toggleAllBoxes();">Show all outputs</a>
<div class='log' id="Output-955324150">
开始登录测试<br/>
打开url：http://www.aixuetang.com/ywxtStudent/tologin<br/>
开始断言<br/>
</div>
</td>
<td><div><pre>java.lang.AssertionError: expected [密码不能为空] but found []
	at NewTest.f(NewTest.java:47)
... Removed 31 stack frames</pre></div><a href='#' onClick='toggleBox("stack-trace955324150", this, "Click to show all stack frames", "Click to hide stack frames")'>Click to show all stack frames</a>
<div class='stack-trace' id='stack-trace955324150'><pre>java.lang.AssertionError: expected [密码不能为空] but found []
	at org.testng.Assert.fail(Assert.java:96)
	at org.testng.Assert.failNotEquals(Assert.java:776)
	at org.testng.Assert.assertEqualsImpl(Assert.java:137)
	at org.testng.Assert.assertEquals(Assert.java:118)
	at org.testng.Assert.assertEquals(Assert.java:453)
	at org.testng.Assert.assertEquals(Assert.java:463)
	at NewTest.f(NewTest.java:47)
	at sun.reflect.NativeMethodAccessorImpl.invoke0(Native Method)
	at sun.reflect.NativeMethodAccessorImpl.invoke(NativeMethodAccessorImpl.java:62)
	at sun.reflect.DelegatingMethodAccessorImpl.invoke(DelegatingMethodAccessorImpl.java:43)
	at java.lang.reflect.Method.invoke(Method.java:498)
	at org.testng.internal.MethodInvocationHelper.invokeMethod(MethodInvocationHelper.java:124)
	at org.testng.internal.Invoker.invokeMethod(Invoker.java:580)
	at org.testng.internal.Invoker.invokeTestMethod(Invoker.java:716)
	at org.testng.internal.Invoker.invokeTestMethods(Invoker.java:988)
	at org.testng.internal.TestMethodWorker.invokeTestMethods(TestMethodWorker.java:125)
	at org.testng.internal.TestMethodWorker.run(TestMethodWorker.java:109)
	at org.testng.TestRunner.privateRun(TestRunner.java:648)
	at org.testng.TestRunner.run(TestRunner.java:505)
	at org.testng.SuiteRunner.runTest(SuiteRunner.java:455)
	at org.testng.SuiteRunner.runSequentially(SuiteRunner.java:450)
	at org.testng.SuiteRunner.privateRun(SuiteRunner.java:415)
	at org.testng.SuiteRunner.run(SuiteRunner.java:364)
	at org.testng.SuiteRunnerWorker.runSuite(SuiteRunnerWorker.java:52)
	at org.testng.SuiteRunnerWorker.run(SuiteRunnerWorker.java:84)
	at org.testng.TestNG.runSuitesSequentially(TestNG.java:1208)
	at org.testng.TestNG.runSuitesLocally(TestNG.java:1137)
	at org.testng.TestNG.runSuites(TestNG.java:1049)
	at org.testng.TestNG.run(TestNG.java:1017)
	at org.testng.remote.AbstractRemoteTestNG.run(AbstractRemoteTestNG.java:114)
	at org.testng.remote.RemoteTestNG.initAndRun(RemoteTestNG.java:251)
	at org.testng.remote.RemoteTestNG.main(RemoteTestNG.java:77)
</pre></div></td>
<td>0</td>
<td>NewTest@289d1c02</td></tr>
</table><p>
<table width='100%' border='1' class='invocation-passed'>
<tr><td colspan='4' align='center'><b>PASSED TESTS</b></td></tr>
<tr><td><b>Test method</b></td>
<td width="30%"><b>Exception</b></td>
<td width="10%"><b>Time (seconds)</b></td>
<td><b>Instance</b></td>
</tr>
<tr>
<td title='NewTest.f2()'><b>f2</b><br>Test class: NewTest<br>Test method: 爱学堂注册测试<br>Parameters: http://www.aixuetang.com/ywxtStudent/toregister, 15964636199, 898989, 8888, liwanlei930423, liwanlei930423, 点击“注册”，即表示您同意并愿意遵守爱学堂用户协议。<br/>
<a href="#Output-1463022229" onClick='toggleBox("Output-1463022229", this, "Show output", "Hide output");'>Show output</a>

<a href="#Output-1463022229" onClick="toggleAllBoxes();">Show all outputs</a>
<div class='log' id="Output-1463022229">
开始注册测试<br/>
</div>
</td>
<td></td>
<td>1</td>
<td>NewTest@289d1c02</td></tr>
<tr>
<td title='NewTest.f2()'><b>f2</b><br>Test class: NewTest<br>Test method: 爱学堂注册测试<br>Parameters: http://www.aixuetang.com/ywxtStudent/toregister, 15964636199, 898989, 8888, liwanlei930423, liwanlei930423, 点击“注册”，即表示您同意并愿意遵守爱学堂用户协议。<br/>
<a href="#Output-2018220300" onClick='toggleBox("Output-2018220300", this, "Show output", "Hide output");'>Show output</a>

<a href="#Output-2018220300" onClick="toggleAllBoxes();">Show all outputs</a>
<div class='log' id="Output-2018220300">
开始注册测试<br/>
</div>
</td>
<td></td>
<td>0</td>
<td>NewTest@289d1c02</td></tr>
<tr>
<td title='NewTest.f2()'><b>f2</b><br>Test class: NewTest<br>Test method: 爱学堂注册测试<br>Parameters: http://www.aixuetang.com/ywxtStudent/toregister, 15964636199, 898989, 8888, liwanlei930423, liwanlei930423, 点击“注册”，即表示您同意并愿意遵守爱学堂用户协议。<br/>
<a href="#Output-1545077099" onClick='toggleBox("Output-1545077099", this, "Show output", "Hide output");'>Show output</a>

<a href="#Output-1545077099" onClick="toggleAllBoxes();">Show all outputs</a>
<div class='log' id="Output-1545077099">
开始注册测试<br/>
</div>
</td>
<td></td>
<td>0</td>
<td>NewTest@289d1c02</td></tr>
<tr>
<td title='NewTest.f3()'><b>f3</b><br>Test class: NewTest<br>Test method: jd测试<br>Parameters: https://www.jd.com/, 15964636199, 15964636199, 登    录<br/>
<a href="#Output-334593716" onClick='toggleBox("Output-334593716", this, "Show output", "Hide output");'>Show output</a>

<a href="#Output-334593716" onClick="toggleAllBoxes();">Show all outputs</a>
<div class='log' id="Output-334593716">
开始jd测试...输入用户名：15964636199<br/>
断言<br/>
</div>
</td>
<td></td>
<td>13</td>
<td>NewTest@289d1c02</td></tr>
<tr>
<td title='NewTest.f3()'><b>f3</b><br>Test class: NewTest<br>Test method: jd测试<br>Parameters: https://www.jd.com/, 15964636199, 15964636199, 登    录<br/>
<a href="#Output-1141500277" onClick='toggleBox("Output-1141500277", this, "Show output", "Hide output");'>Show output</a>

<a href="#Output-1141500277" onClick="toggleAllBoxes();">Show all outputs</a>
<div class='log' id="Output-1141500277">
开始jd测试...输入用户名：15964636199<br/>
断言<br/>
</div>
</td>
<td></td>
<td>2</td>
<td>NewTest@289d1c02</td></tr>
<tr>
<td title='NewTest.f3()'><b>f3</b><br>Test class: NewTest<br>Test method: jd测试<br>Parameters: https://www.jd.com/, 15964636199, 15964636199, 登    录<br/>
<a href="#Output-1971991758" onClick='toggleBox("Output-1971991758", this, "Show output", "Hide output");'>Show output</a>

<a href="#Output-1971991758" onClick="toggleAllBoxes();">Show all outputs</a>
<div class='log' id="Output-1971991758">
开始jd测试...输入用户名：15964636199<br/>
断言<br/>
</div>
</td>
<td></td>
<td>2</td>
<td>NewTest@289d1c02</td></tr>
</table><p>
</body>
</html>