<?xml version="1.0" encoding="UTF-8"?>
<testng-results skipped="0" failed="4" ignored="0" total="10" passed="6">
  <reporter-output>
    <line>
      <![CDATA[开始测试]]>
    </line>
    <line>
      <![CDATA[java.lang.NullPointerException]]>
    </line>
    <line>
      <![CDATA[java.lang.NullPointerException]]>
    </line>
    <line>
      <![CDATA[java.lang.NullPointerException]]>
    </line>
    <line>
      <![CDATA[java.lang.NullPointerException]]>
    </line>
    <line>
      <![CDATA[开始登录测试]]>
    </line>
    <line>
      <![CDATA[打开url：http://www.aixuetang.com/ywxtStudent/tologin]]>
    </line>
    <line>
      <![CDATA[开始断言]]>
    </line>
    <line>
      <![CDATA[开始登录测试]]>
    </line>
    <line>
      <![CDATA[打开url：http://www.aixuetang.com/ywxtStudent/tologin]]>
    </line>
    <line>
      <![CDATA[开始断言]]>
    </line>
    <line>
      <![CDATA[开始登录测试]]>
    </line>
    <line>
      <![CDATA[打开url：http://www.aixuetang.com/ywxtStudent/tologin]]>
    </line>
    <line>
      <![CDATA[开始断言]]>
    </line>
    <line>
      <![CDATA[开始登录测试]]>
    </line>
    <line>
      <![CDATA[打开url：http://www.aixuetang.com/ywxtStudent/tologin]]>
    </line>
    <line>
      <![CDATA[开始断言]]>
    </line>
    <line>
      <![CDATA[java.lang.NullPointerException]]>
    </line>
    <line>
      <![CDATA[java.lang.NullPointerException]]>
    </line>
    <line>
      <![CDATA[java.lang.NullPointerException]]>
    </line>
    <line>
      <![CDATA[开始注册测试]]>
    </line>
    <line>
      <![CDATA[开始注册测试]]>
    </line>
    <line>
      <![CDATA[开始注册测试]]>
    </line>
    <line>
      <![CDATA[java.lang.NullPointerException]]>
    </line>
    <line>
      <![CDATA[java.lang.NullPointerException]]>
    </line>
    <line>
      <![CDATA[java.lang.NullPointerException]]>
    </line>
    <line>
      <![CDATA[开始jd测试...输入用户名：15964636199]]>
    </line>
    <line>
      <![CDATA[断言]]>
    </line>
    <line>
      <![CDATA[开始jd测试...输入用户名：15964636199]]>
    </line>
    <line>
      <![CDATA[断言]]>
    </line>
    <line>
      <![CDATA[开始jd测试...输入用户名：15964636199]]>
    </line>
    <line>
      <![CDATA[断言]]>
    </line>
    <line>
      <![CDATA[测试结束]]>
    </line>
  </reporter-output>
  <suite name="Suite" duration-ms="43625" started-at="2018-09-26T03:43:39Z" finished-at="2018-09-26T03:44:23Z">
    <groups>
    </groups>
    <test name="test1" duration-ms="43625" started-at="2018-09-26T03:43:39Z" finished-at="2018-09-26T03:44:23Z">
      <class name="NewTest">
        <test-method status="PASS" signature="beforeTest()[pri:0, instance:NewTest@289d1c02]" name="beforeTest" is-config="true" duration-ms="7553" started-at="2018-09-26T03:43:39Z" finished-at="2018-09-26T03:43:47Z">
          <reporter-output>
            <line>
              <![CDATA[开始测试]]>
            </line>
          </reporter-output>
        </test-method> <!-- beforeTest -->
        <test-method status="FAIL" signature="f(java.lang.String, java.lang.String, java.lang.String, java.lang.String)[pri:0, instance:NewTest@289d1c02]" name="f" duration-ms="10010" started-at="2018-09-26T03:43:48Z" description="爱学堂登录测试" data-provider="DP1" finished-at="2018-09-26T03:43:58Z">
          <params>
            <param index="0">
              <value>
                <![CDATA[http://www.aixuetang.com/ywxtStudent/tologin]]>
              </value>
            </param>
            <param index="1">
              <value>
                <![CDATA[15964636199]]>
              </value>
            </param>
            <param index="2">
              <value>
                <![CDATA[2222]]>
              </value>
            </param>
            <param index="3">
              <value>
                <![CDATA[密码不能为空]]>
              </value>
            </param>
          </params>
          <exception class="java.lang.AssertionError">
            <message>
              <![CDATA[expected [密码不能为空] but found []]]>
            </message>
            <full-stacktrace>
              <![CDATA[java.lang.AssertionError: expected [密码不能为空] but found []
at org.testng.Assert.fail(Assert.java:96)
at org.testng.Assert.failNotEquals(Assert.java:776)
at org.testng.Assert.assertEqualsImpl(Assert.java:137)
at org.testng.Assert.assertEquals(Assert.java:118)
at org.testng.Assert.assertEquals(Assert.java:453)
at org.testng.Assert.assertEquals(Assert.java:463)
at NewTest.f(NewTest.java:47)
at sun.reflect.NativeMethodAccessorImpl.invoke0(Native Method)
at sun.reflect.NativeMethodAccessorImpl.invoke(NativeMethodAccessorImpl.java:62)
at sun.reflect.DelegatingMethodAccessorImpl.invoke(DelegatingMethodAccessorImpl.java:43)
at java.lang.reflect.Method.invoke(Method.java:498)
at org.testng.internal.MethodInvocationHelper.invokeMethod(MethodInvocationHelper.java:124)
at org.testng.internal.Invoker.invokeMethod(Invoker.java:580)
at org.testng.internal.Invoker.invokeTestMethod(Invoker.java:716)
at org.testng.internal.Invoker.invokeTestMethods(Invoker.java:988)
at org.testng.internal.TestMethodWorker.invokeTestMethods(TestMethodWorker.java:125)
at org.testng.internal.TestMethodWorker.run(TestMethodWorker.java:109)
at org.testng.TestRunner.privateRun(TestRunner.java:648)
at org.testng.TestRunner.run(TestRunner.java:505)
at org.testng.SuiteRunner.runTest(SuiteRunner.java:455)
at org.testng.SuiteRunner.runSequentially(SuiteRunner.java:450)
at org.testng.SuiteRunner.privateRun(SuiteRunner.java:415)
at org.testng.SuiteRunner.run(SuiteRunner.java:364)
at org.testng.SuiteRunnerWorker.runSuite(SuiteRunnerWorker.java:52)
at org.testng.SuiteRunnerWorker.run(SuiteRunnerWorker.java:84)
at org.testng.TestNG.runSuitesSequentially(TestNG.java:1208)
at org.testng.TestNG.runSuitesLocally(TestNG.java:1137)
at org.testng.TestNG.runSuites(TestNG.java:1049)
at org.testng.TestNG.run(TestNG.java:1017)
at org.testng.remote.AbstractRemoteTestNG.run(AbstractRemoteTestNG.java:114)
at org.testng.remote.RemoteTestNG.initAndRun(RemoteTestNG.java:251)
at org.testng.remote.RemoteTestNG.main(RemoteTestNG.java:77)
]]>
            </full-stacktrace>
          </exception> <!-- java.lang.AssertionError -->
          <reporter-output>
            <line>
              <![CDATA[开始登录测试]]>
            </line>
            <line>
              <![CDATA[打开url：http://www.aixuetang.com/ywxtStudent/tologin]]>
            </line>
            <line>
              <![CDATA[开始断言]]>
            </line>
          </reporter-output>
        </test-method> <!-- f -->
        <test-method status="FAIL" signature="f(java.lang.String, java.lang.String, java.lang.String, java.lang.String)[pri:0, instance:NewTest@289d1c02]" name="f" duration-ms="1249" started-at="2018-09-26T03:43:58Z" description="爱学堂登录测试" data-provider="DP1" finished-at="2018-09-26T03:43:59Z">
          <params>
            <param index="0">
              <value>
                <![CDATA[http://www.aixuetang.com/ywxtStudent/tologin]]>
              </value>
            </param>
            <param index="1">
              <value>
                <![CDATA[15964636199]]>
              </value>
            </param>
            <param index="2">
              <value>
                <![CDATA[22111]]>
              </value>
            </param>
            <param index="3">
              <value>
                <![CDATA[密码不能为空]]>
              </value>
            </param>
          </params>
          <exception class="java.lang.AssertionError">
            <message>
              <![CDATA[expected [密码不能为空] but found []]]>
            </message>
            <full-stacktrace>
              <![CDATA[java.lang.AssertionError: expected [密码不能为空] but found []
at org.testng.Assert.fail(Assert.java:96)
at org.testng.Assert.failNotEquals(Assert.java:776)
at org.testng.Assert.assertEqualsImpl(Assert.java:137)
at org.testng.Assert.assertEquals(Assert.java:118)
at org.testng.Assert.assertEquals(Assert.java:453)
at org.testng.Assert.assertEquals(Assert.java:463)
at NewTest.f(NewTest.java:47)
at sun.reflect.NativeMethodAccessorImpl.invoke0(Native Method)
at sun.reflect.NativeMethodAccessorImpl.invoke(NativeMethodAccessorImpl.java:62)
at sun.reflect.DelegatingMethodAccessorImpl.invoke(DelegatingMethodAccessorImpl.java:43)
at java.lang.reflect.Method.invoke(Method.java:498)
at org.testng.internal.MethodInvocationHelper.invokeMethod(MethodInvocationHelper.java:124)
at org.testng.internal.Invoker.invokeMethod(Invoker.java:580)
at org.testng.internal.Invoker.invokeTestMethod(Invoker.java:716)
at org.testng.internal.Invoker.invokeTestMethods(Invoker.java:988)
at org.testng.internal.TestMethodWorker.invokeTestMethods(TestMethodWorker.java:125)
at org.testng.internal.TestMethodWorker.run(TestMethodWorker.java:109)
at org.testng.TestRunner.privateRun(TestRunner.java:648)
at org.testng.TestRunner.run(TestRunner.java:505)
at org.testng.SuiteRunner.runTest(SuiteRunner.java:455)
at org.testng.SuiteRunner.runSequentially(SuiteRunner.java:450)
at org.testng.SuiteRunner.privateRun(SuiteRunner.java:415)
at org.testng.SuiteRunner.run(SuiteRunner.java:364)
at org.testng.SuiteRunnerWorker.runSuite(SuiteRunnerWorker.java:52)
at org.testng.SuiteRunnerWorker.run(SuiteRunnerWorker.java:84)
at org.testng.TestNG.runSuitesSequentially(TestNG.java:1208)
at org.testng.TestNG.runSuitesLocally(TestNG.java:1137)
at org.testng.TestNG.runSuites(TestNG.java:1049)
at org.testng.TestNG.run(TestNG.java:1017)
at org.testng.remote.AbstractRemoteTestNG.run(AbstractRemoteTestNG.java:114)
at org.testng.remote.RemoteTestNG.initAndRun(RemoteTestNG.java:251)
at org.testng.remote.RemoteTestNG.main(RemoteTestNG.java:77)
]]>
            </full-stacktrace>
          </exception> <!-- java.lang.AssertionError -->
          <reporter-output>
            <line>
              <![CDATA[开始登录测试]]>
            </line>
            <line>
              <![CDATA[打开url：http://www.aixuetang.com/ywxtStudent/tologin]]>
            </line>
            <line>
              <![CDATA[开始断言]]>
            </line>
          </reporter-output>
        </test-method> <!-- f -->
        <test-method status="FAIL" signature="f(java.lang.String, java.lang.String, java.lang.String, java.lang.String)[pri:0, instance:NewTest@289d1c02]" name="f" duration-ms="655" started-at="2018-09-26T03:43:59Z" description="爱学堂登录测试" data-provider="DP1" finished-at="2018-09-26T03:43:59Z">
          <params>
            <param index="0">
              <value>
                <![CDATA[http://www.aixuetang.com/ywxtStudent/tologin]]>
              </value>
            </param>
            <param index="1">
              <value>
                <![CDATA[15964636199]]>
              </value>
            </param>
            <param index="2">
              <value>
                <![CDATA[2222]]>
              </value>
            </param>
            <param index="3">
              <value>
                <![CDATA[密码不能为空]]>
              </value>
            </param>
          </params>
          <exception class="java.lang.AssertionError">
            <message>
              <![CDATA[expected [密码不能为空] but found []]]>
            </message>
            <full-stacktrace>
              <![CDATA[java.lang.AssertionError: expected [密码不能为空] but found []
at org.testng.Assert.fail(Assert.java:96)
at org.testng.Assert.failNotEquals(Assert.java:776)
at org.testng.Assert.assertEqualsImpl(Assert.java:137)
at org.testng.Assert.assertEquals(Assert.java:118)
at org.testng.Assert.assertEquals(Assert.java:453)
at org.testng.Assert.assertEquals(Assert.java:463)
at NewTest.f(NewTest.java:47)
at sun.reflect.NativeMethodAccessorImpl.invoke0(Native Method)
at sun.reflect.NativeMethodAccessorImpl.invoke(NativeMethodAccessorImpl.java:62)
at sun.reflect.DelegatingMethodAccessorImpl.invoke(DelegatingMethodAccessorImpl.java:43)
at java.lang.reflect.Method.invoke(Method.java:498)
at org.testng.internal.MethodInvocationHelper.invokeMethod(MethodInvocationHelper.java:124)
at org.testng.internal.Invoker.invokeMethod(Invoker.java:580)
at org.testng.internal.Invoker.invokeTestMethod(Invoker.java:716)
at org.testng.internal.Invoker.invokeTestMethods(Invoker.java:988)
at org.testng.internal.TestMethodWorker.invokeTestMethods(TestMethodWorker.java:125)
at org.testng.internal.TestMethodWorker.run(TestMethodWorker.java:109)
at org.testng.TestRunner.privateRun(TestRunner.java:648)
at org.testng.TestRunner.run(TestRunner.java:505)
at org.testng.SuiteRunner.runTest(SuiteRunner.java:455)
at org.testng.SuiteRunner.runSequentially(SuiteRunner.java:450)
at org.testng.SuiteRunner.privateRun(SuiteRunner.java:415)
at org.testng.SuiteRunner.run(SuiteRunner.java:364)
at org.testng.SuiteRunnerWorker.runSuite(SuiteRunnerWorker.java:52)
at org.testng.SuiteRunnerWorker.run(SuiteRunnerWorker.java:84)
at org.testng.TestNG.runSuitesSequentially(TestNG.java:1208)
at org.testng.TestNG.runSuitesLocally(TestNG.java:1137)
at org.testng.TestNG.runSuites(TestNG.java:1049)
at org.testng.TestNG.run(TestNG.java:1017)
at org.testng.remote.AbstractRemoteTestNG.run(AbstractRemoteTestNG.java:114)
at org.testng.remote.RemoteTestNG.initAndRun(RemoteTestNG.java:251)
at org.testng.remote.RemoteTestNG.main(RemoteTestNG.java:77)
]]>
            </full-stacktrace>
          </exception> <!-- java.lang.AssertionError -->
          <reporter-output>
            <line>
              <![CDATA[开始登录测试]]>
            </line>
            <line>
              <![CDATA[打开url：http://www.aixuetang.com/ywxtStudent/tologin]]>
            </line>
            <line>
              <![CDATA[开始断言]]>
            </line>
          </reporter-output>
        </test-method> <!-- f -->
        <test-method status="FAIL" signature="f(java.lang.String, java.lang.String, java.lang.String, java.lang.String)[pri:0, instance:NewTest@289d1c02]" name="f" duration-ms="612" started-at="2018-09-26T03:43:59Z" description="爱学堂登录测试" data-provider="DP1" finished-at="2018-09-26T03:44:00Z">
          <params>
            <param index="0">
              <value>
                <![CDATA[http://www.aixuetang.com/ywxtStudent/tologin]]>
              </value>
            </param>
            <param index="1">
              <value>
                <![CDATA[15964636199]]>
              </value>
            </param>
            <param index="2">
              <value>
                <![CDATA[222]]>
              </value>
            </param>
            <param index="3">
              <value>
                <![CDATA[密码不能为空]]>
              </value>
            </param>
          </params>
          <exception class="java.lang.AssertionError">
            <message>
              <![CDATA[expected [密码不能为空] but found []]]>
            </message>
            <full-stacktrace>
              <![CDATA[java.lang.AssertionError: expected [密码不能为空] but found []
at org.testng.Assert.fail(Assert.java:96)
at org.testng.Assert.failNotEquals(Assert.java:776)
at org.testng.Assert.assertEqualsImpl(Assert.java:137)
at org.testng.Assert.assertEquals(Assert.java:118)
at org.testng.Assert.assertEquals(Assert.java:453)
at org.testng.Assert.assertEquals(Assert.java:463)
at NewTest.f(NewTest.java:47)
at sun.reflect.NativeMethodAccessorImpl.invoke0(Native Method)
at sun.reflect.NativeMethodAccessorImpl.invoke(NativeMethodAccessorImpl.java:62)
at sun.reflect.DelegatingMethodAccessorImpl.invoke(DelegatingMethodAccessorImpl.java:43)
at java.lang.reflect.Method.invoke(Method.java:498)
at org.testng.internal.MethodInvocationHelper.invokeMethod(MethodInvocationHelper.java:124)
at org.testng.internal.Invoker.invokeMethod(Invoker.java:580)
at org.testng.internal.Invoker.invokeTestMethod(Invoker.java:716)
at org.testng.internal.Invoker.invokeTestMethods(Invoker.java:988)
at org.testng.internal.TestMethodWorker.invokeTestMethods(TestMethodWorker.java:125)
at org.testng.internal.TestMethodWorker.run(TestMethodWorker.java:109)
at org.testng.TestRunner.privateRun(TestRunner.java:648)
at org.testng.TestRunner.run(TestRunner.java:505)
at org.testng.SuiteRunner.runTest(SuiteRunner.java:455)
at org.testng.SuiteRunner.runSequentially(SuiteRunner.java:450)
at org.testng.SuiteRunner.privateRun(SuiteRunner.java:415)
at org.testng.SuiteRunner.run(SuiteRunner.java:364)
at org.testng.SuiteRunnerWorker.runSuite(SuiteRunnerWorker.java:52)
at org.testng.SuiteRunnerWorker.run(SuiteRunnerWorker.java:84)
at org.testng.TestNG.runSuitesSequentially(TestNG.java:1208)
at org.testng.TestNG.runSuitesLocally(TestNG.java:1137)
at org.testng.TestNG.runSuites(TestNG.java:1049)
at org.testng.TestNG.run(TestNG.java:1017)
at org.testng.remote.AbstractRemoteTestNG.run(AbstractRemoteTestNG.java:114)
at org.testng.remote.RemoteTestNG.initAndRun(RemoteTestNG.java:251)
at org.testng.remote.RemoteTestNG.main(RemoteTestNG.java:77)
]]>
            </full-stacktrace>
          </exception> <!-- java.lang.AssertionError -->
          <reporter-output>
            <line>
              <![CDATA[开始登录测试]]>
            </line>
            <line>
              <![CDATA[打开url：http://www.aixuetang.com/ywxtStudent/tologin]]>
            </line>
            <line>
              <![CDATA[开始断言]]>
            </line>
          </reporter-output>
        </test-method> <!-- f -->
        <test-method status="PASS" signature="f2(java.lang.String, java.lang.String, java.lang.String, java.lang.String, java.lang.String, java.lang.String, java.lang.String)[pri:0, instance:NewTest@289d1c02]" name="f2" duration-ms="1610" started-at="2018-09-26T03:44:00Z" description="爱学堂注册测试" data-provider="DP12" finished-at="2018-09-26T03:44:02Z">
          <params>
            <param index="0">
              <value>
                <![CDATA[http://www.aixuetang.com/ywxtStudent/toregister]]>
              </value>
            </param>
            <param index="1">
              <value>
                <![CDATA[15964636199]]>
              </value>
            </param>
            <param index="2">
              <value>
                <![CDATA[898989]]>
              </value>
            </param>
            <param index="3">
              <value>
                <![CDATA[8888]]>
              </value>
            </param>
            <param index="4">
              <value>
                <![CDATA[liwanlei930423]]>
              </value>
            </param>
            <param index="5">
              <value>
                <![CDATA[liwanlei930423]]>
              </value>
            </param>
            <param index="6">
              <value>
                <![CDATA[点击“注册”，即表示您同意并愿意遵守爱学堂用户协议。]]>
              </value>
            </param>
          </params>
          <reporter-output>
            <line>
              <![CDATA[开始注册测试]]>
            </line>
          </reporter-output>
        </test-method> <!-- f2 -->
        <test-method status="PASS" signature="f2(java.lang.String, java.lang.String, java.lang.String, java.lang.String, java.lang.String, java.lang.String, java.lang.String)[pri:0, instance:NewTest@289d1c02]" name="f2" duration-ms="972" started-at="2018-09-26T03:44:02Z" description="爱学堂注册测试" data-provider="DP12" finished-at="2018-09-26T03:44:03Z">
          <params>
            <param index="0">
              <value>
                <![CDATA[http://www.aixuetang.com/ywxtStudent/toregister]]>
              </value>
            </param>
            <param index="1">
              <value>
                <![CDATA[15964636199]]>
              </value>
            </param>
            <param index="2">
              <value>
                <![CDATA[898989]]>
              </value>
            </param>
            <param index="3">
              <value>
                <![CDATA[8888]]>
              </value>
            </param>
            <param index="4">
              <value>
                <![CDATA[liwanlei930423]]>
              </value>
            </param>
            <param index="5">
              <value>
                <![CDATA[liwanlei930423]]>
              </value>
            </param>
            <param index="6">
              <value>
                <![CDATA[点击“注册”，即表示您同意并愿意遵守爱学堂用户协议。]]>
              </value>
            </param>
          </params>
          <reporter-output>
            <line>
              <![CDATA[开始注册测试]]>
            </line>
          </reporter-output>
        </test-method> <!-- f2 -->
        <test-method status="PASS" signature="f2(java.lang.String, java.lang.String, java.lang.String, java.lang.String, java.lang.String, java.lang.String, java.lang.String)[pri:0, instance:NewTest@289d1c02]" name="f2" duration-ms="979" started-at="2018-09-26T03:44:03Z" description="爱学堂注册测试" data-provider="DP12" finished-at="2018-09-26T03:44:04Z">
          <params>
            <param index="0">
              <value>
                <![CDATA[http://www.aixuetang.com/ywxtStudent/toregister]]>
              </value>
            </param>
            <param index="1">
              <value>
                <![CDATA[15964636199]]>
              </value>
            </param>
            <param index="2">
              <value>
                <![CDATA[898989]]>
              </value>
            </param>
            <param index="3">
              <value>
                <![CDATA[8888]]>
              </value>
            </param>
            <param index="4">
              <value>
                <![CDATA[liwanlei930423]]>
              </value>
            </param>
            <param index="5">
              <value>
                <![CDATA[liwanlei930423]]>
              </value>
            </param>
            <param index="6">
              <value>
                <![CDATA[点击“注册”，即表示您同意并愿意遵守爱学堂用户协议。]]>
              </value>
            </param>
          </params>
          <reporter-output>
            <line>
              <![CDATA[开始注册测试]]>
            </line>
          </reporter-output>
        </test-method> <!-- f2 -->
        <test-method status="PASS" signature="f3(java.lang.String, java.lang.String, java.lang.String, java.lang.String)[pri:0, instance:NewTest@289d1c02]" name="f3" duration-ms="13097" started-at="2018-09-26T03:44:04Z" description="jd测试" data-provider="DP13" finished-at="2018-09-26T03:44:17Z">
          <params>
            <param index="0">
              <value>
                <![CDATA[https://www.jd.com/]]>
              </value>
            </param>
            <param index="1">
              <value>
                <![CDATA[15964636199]]>
              </value>
            </param>
            <param index="2">
              <value>
                <![CDATA[15964636199]]>
              </value>
            </param>
            <param index="3">
              <value>
                <![CDATA[登    录]]>
              </value>
            </param>
          </params>
          <reporter-output>
            <line>
              <![CDATA[开始jd测试...输入用户名：15964636199]]>
            </line>
            <line>
              <![CDATA[断言]]>
            </line>
          </reporter-output>
        </test-method> <!-- f3 -->
        <test-method status="PASS" signature="f3(java.lang.String, java.lang.String, java.lang.String, java.lang.String)[pri:0, instance:NewTest@289d1c02]" name="f3" duration-ms="2744" started-at="2018-09-26T03:44:17Z" description="jd测试" data-provider="DP13" finished-at="2018-09-26T03:44:20Z">
          <params>
            <param index="0">
              <value>
                <![CDATA[https://www.jd.com/]]>
              </value>
            </param>
            <param index="1">
              <value>
                <![CDATA[15964636199]]>
              </value>
            </param>
            <param index="2">
              <value>
                <![CDATA[15964636199]]>
              </value>
            </param>
            <param index="3">
              <value>
                <![CDATA[登    录]]>
              </value>
            </param>
          </params>
          <reporter-output>
            <line>
              <![CDATA[开始jd测试...输入用户名：15964636199]]>
            </line>
            <line>
              <![CDATA[断言]]>
            </line>
          </reporter-output>
        </test-method> <!-- f3 -->
        <test-method status="PASS" signature="f3(java.lang.String, java.lang.String, java.lang.String, java.lang.String)[pri:0, instance:NewTest@289d1c02]" name="f3" duration-ms="2054" started-at="2018-09-26T03:44:20Z" description="jd测试" data-provider="DP13" finished-at="2018-09-26T03:44:22Z">
          <params>
            <param index="0">
              <value>
                <![CDATA[https://www.jd.com/]]>
              </value>
            </param>
            <param index="1">
              <value>
                <![CDATA[15964636199]]>
              </value>
            </param>
            <param index="2">
              <value>
                <![CDATA[15964636199]]>
              </value>
            </param>
            <param index="3">
              <value>
                <![CDATA[登    录]]>
              </value>
            </param>
          </params>
          <reporter-output>
            <line>
              <![CDATA[开始jd测试...输入用户名：15964636199]]>
            </line>
            <line>
              <![CDATA[断言]]>
            </line>
          </reporter-output>
        </test-method> <!-- f3 -->
        <test-method status="PASS" signature="afterTest()[pri:0, instance:NewTest@289d1c02]" name="afterTest" is-config="true" duration-ms="1436" started-at="2018-09-26T03:44:22Z" finished-at="2018-09-26T03:44:23Z">
          <reporter-output>
            <line>
              <![CDATA[测试结束]]>
            </line>
          </reporter-output>
        </test-method> <!-- afterTest -->
      </class> <!-- NewTest -->
    </test> <!-- test1 -->
  </suite> <!-- Suite -->
</testng-results>
